[Info ] 2020/08/12/12:45:03 /Users/liuhan/Work/go/src/github.com/newham/gofs/controllers/folder.go:10 : path:home
[Info ] 2020/08/12/12:45:57 /Users/liuhan/Work/go/src/github.com/newham/gofs/controllers/folder.go:10 : path:
[Info ] 2020/08/12/12:46:22 /Users/liuhan/Work/go/src/github.com/newham/gofs/controllers/folder.go:10 : path:home
[Info ] 2020/08/12/12:53:48 /Users/liuhan/Work/go/src/github.com/newham/gofs/controllers/folder.go:10 : path:/folder/home
[Info ] 2020/08/12/12:55:16 : path:/folder/home
[Info ] 2020/08/12/12:55:21 : path:/folder/home
[Info ] 2020/08/12/12:55:56 : path:
[Info ] 2020/08/12/12:56:14 : path:
[Info ] 2020/08/12/12:56:31 : path:
[Info ] 2020/08/12/12:56:42 : path:
[Info ] 2020/08/12/12:58:33 : path:/folder/home
[Info ] 2020/08/12/12:58:54 : path:home
[Info ] 2020/08/12/12:59:00 : path:home/admin
[Info ] 2020/08/12/12:59:06 : path:
[Info ] 2020/08/12/12:59:15 : path:home/
[Info ] 2020/08/12/12:59:34 : path:home/admin/
[Info ] 2020/08/12/12:59:40 : path:home/admin/test/
[Info ] 2020/08/12/12:59:52 : path:
[Info ] 2020/08/12/13:01:06 : path:
[Info ] 2020/08/12/13:03:37 : path:
[Info ] 2020/08/12/13:03:47 : path:home/
[Info ] 2020/08/12/13:05:30 : path:home/
[Info ] 2020/08/12/13:05:41 : path:
[Info ] 2020/08/12/13:06:22 : path:
[Info ] 2020/08/12/13:06:28 : path:
[Info ] 2020/08/12/13:07:01 : path:/
[Info ] 2020/08/12/13:07:46 : path:
[Info ] 2020/08/12/13:07:55 : path:home/
[Info ] 2020/08/12/13:08:05 : path:home/admin/
[Info ] 2020/08/12/13:08:25 : path:home/admin/test/
[Info ] 2020/08/12/13:08:46 : path:
[Info ] 2020/08/12/13:12:03 : path:home/
[Info ] 2020/08/12/13:12:09 : path:home/home/admin/
[Info ] 2020/08/12/13:12:14 : path:home/admin/
[Info ] 2020/08/12/13:13:23 : path:
[Info ] 2020/08/12/13:14:18 : path:home
[Info ] 2020/08/12/13:14:27 : path:home/admin
[Info ] 2020/08/12/13:15:47 : path:home/admin/test/
[Info ] 2020/08/12/14:20:29 : path:
[Info ] 2020/08/12/14:31:46 : path:
[Info ] 2020/08/12/14:31:57 : path:
[Info ] 2020/08/12/14:34:43 : path:
[Info ] 2020/08/12/14:34:46 : path:
[Info ] 2020/08/12/14:36:43 : path:
[Info ] 2020/08/12/14:36:47 : path:
[Info ] 2020/08/12/14:36:47 : path:
[Info ] 2020/08/12/14:36:48 : path:
[Info ] 2020/08/12/14:36:48 : path:
[Info ] 2020/08/12/14:36:56 : path:
[Info ] 2020/08/12/14:37:05 : path:
[Info ] 2020/08/12/14:37:06 : path:
[Info ] 2020/08/12/14:37:06 : path:
[Info ] 2020/08/12/14:37:07 : path:
[Info ] 2020/08/12/14:37:07 : path:
[Info ] 2020/08/12/14:37:08 : path:
[Info ] 2020/08/12/14:37:08 : path:
[Info ] 2020/08/12/14:37:08 : path:
[Info ] 2020/08/12/14:37:08 : path:
[Info ] 2020/08/12/14:37:11 : path:
[Info ] 2020/08/12/14:38:50 : path:
[Info ] 2020/08/12/14:38:51 : path:home
[Info ] 2020/08/12/14:38:54 : path:home/admin
[Info ] 2020/08/12/14:38:56 : path:home/admin/test
[Info ] 2020/08/12/14:39:35 : path:
[Info ] 2020/08/12/14:39:35 : path:
[Info ] 2020/08/12/14:39:36 : path:
[Info ] 2020/08/12/14:39:37 : path:home
[Info ] 2020/08/12/14:39:38 : path:home/admin
[Info ] 2020/08/12/14:39:39 : path:home/admin/test
[Info ] 2020/08/12/14:40:03 : path:
[Info ] 2020/08/12/14:40:05 : path:home
[Info ] 2020/08/12/14:40:08 : path:home/admin
[Info ] 2020/08/12/14:40:10 : path:home/admin/test
[Info ] 2020/08/12/14:42:34 : path:
[Info ] 2020/08/12/14:43:51 : path:
[Info ] 2020/08/12/14:43:56 : path:
[Info ] 2020/08/12/14:44:00 : path:
[Info ] 2020/08/12/14:45:01 : path:
[Info ] 2020/08/12/14:45:04 : path:
[Info ] 2020/08/12/14:45:06 : path:
[Info ] 2020/08/12/14:45:07 : path:
[Info ] 2020/08/12/14:45:07 : path:
[Info ] 2020/08/12/14:45:08 : path:
[Info ] 2020/08/12/14:45:08 : path:
[Info ] 2020/08/12/14:45:09 : path:
[Info ] 2020/08/12/14:45:09 : path:
[Info ] 2020/08/12/14:45:10 : path:
[Info ] 2020/08/12/14:45:10 : path:
[Info ] 2020/08/12/14:45:10 : path:
[Info ] 2020/08/12/14:45:10 : path:
[Info ] 2020/08/12/14:45:22 : path:
[Info ] 2020/08/12/14:45:22 : path:
[Info ] 2020/08/12/14:45:23 : path:
[Info ] 2020/08/12/14:45:23 : path:
[Info ] 2020/08/12/14:45:23 : path:
[Info ] 2020/08/12/14:45:23 : path:
[Info ] 2020/08/12/14:45:24 : path:home
[Info ] 2020/08/12/14:45:25 : path:home/admin
[Info ] 2020/08/12/14:45:26 : path:home/admin/test
[Info ] 2020/08/12/14:46:34 : path:
[Info ] 2020/08/12/14:46:54 : path:home
[Info ] 2020/08/12/14:46:56 : path:home/admin
[Info ] 2020/08/12/14:46:57 : path:home/admin/test
[Info ] 2020/08/12/14:49:48 : path:
[Info ] 2020/08/12/14:49:49 : path:
[Info ] 2020/08/12/14:49:49 : path:
[Info ] 2020/08/12/14:50:05 : path:
[Info ] 2020/08/12/14:50:07 : path:
[Info ] 2020/08/12/14:50:08 : path:
[Info ] 2020/08/12/14:50:08 : path:
[Info ] 2020/08/12/14:50:09 : path:
[Info ] 2020/08/12/14:50:09 : path:
[Info ] 2020/08/12/14:50:10 : path:
[Info ] 2020/08/12/14:50:10 : path:
[Info ] 2020/08/12/14:50:10 : path:
[Info ] 2020/08/12/14:50:10 : path:
[Info ] 2020/08/12/14:50:11 : path:
[Info ] 2020/08/12/14:50:11 : path:
[Info ] 2020/08/12/14:50:11 : path:
[Info ] 2020/08/12/14:50:12 : path:
[Info ] 2020/08/12/14:50:13 : path:home
[Info ] 2020/08/12/14:50:14 : path:home/admin
[Info ] 2020/08/12/14:50:15 : path:home/admin/test
[Info ] 2020/08/12/14:50:16 : path:home/admin/test/docker-help.png
[Info ] 2020/08/12/14:50:25 : path:
[Info ] 2020/08/12/14:52:50 : path:
[Info ] 2020/08/12/14:52:50 : path:
[Info ] 2020/08/12/14:52:51 : path:
[Info ] 2020/08/12/14:52:53 : path:
[Info ] 2020/08/12/14:52:53 : path:
[Info ] 2020/08/12/14:52:53 : path:
[Info ] 2020/08/12/14:52:53 : path:
[Info ] 2020/08/12/14:52:53 : path:
[Info ] 2020/08/12/14:53:05 : path:
[Info ] 2020/08/12/14:53:06 : path:
[Info ] 2020/08/12/14:53:07 : path:
[Info ] 2020/08/12/14:53:07 : path:
[Info ] 2020/08/12/14:53:08 : path:
[Info ] 2020/08/12/14:53:08 : path:
[Info ] 2020/08/12/14:53:09 : path:
[Info ] 2020/08/12/14:53:09 : path:
[Info ] 2020/08/12/14:53:09 : path:
[Info ] 2020/08/12/14:53:09 : path:
[Info ] 2020/08/12/14:53:10 : path:
[Info ] 2020/08/12/14:53:10 : path:
[Info ] 2020/08/12/14:53:10 : path:
[Info ] 2020/08/12/14:53:10 : path:
[Info ] 2020/08/12/14:53:10 : path:
[Info ] 2020/08/12/14:53:11 : path:
[Info ] 2020/08/12/14:53:11 : path:
[Info ] 2020/08/12/14:53:11 : path:
[Info ] 2020/08/12/14:53:11 : path:
[Info ] 2020/08/12/14:53:11 : path:
[Info ] 2020/08/12/14:53:12 : path:
[Info ] 2020/08/12/14:53:12 : path:
[Info ] 2020/08/12/14:53:12 : path:
[Info ] 2020/08/12/14:53:12 : path:
[Info ] 2020/08/12/14:53:13 : path:
[Info ] 2020/08/12/14:53:13 : path:
[Info ] 2020/08/12/14:53:13 : path:
[Info ] 2020/08/12/14:53:13 : path:
[Info ] 2020/08/12/14:53:13 : path:
[Info ] 2020/08/12/14:53:27 : path:
[Info ] 2020/08/12/14:53:28 : path:
[Info ] 2020/08/12/14:53:29 : path:
[Info ] 2020/08/12/14:53:30 : path:
[Info ] 2020/08/12/14:53:30 : path:
[Info ] 2020/08/12/14:53:33 : path:
[Info ] 2020/08/12/14:53:33 : path:
[Info ] 2020/08/12/14:53:34 : path:home
[Info ] 2020/08/12/14:53:35 : path:home/admin
[Info ] 2020/08/12/14:53:37 : path:home/admin/test
[Info ] 2020/08/12/14:57:13 : path:
[Info ] 2020/08/12/14:59:02 : path:
[Info ] 2020/08/12/15:00:38 : path:
[Info ] 2020/08/12/15:00:39 : path:
[Info ] 2020/08/12/15:00:39 : path:
[Info ] 2020/08/12/15:00:40 : path:
[Info ] 2020/08/12/15:00:41 : path:
[Info ] 2020/08/12/15:00:41 : path:
[Info ] 2020/08/12/15:00:54 : path:home/
[Info ] 2020/08/12/15:01:34 : path:home/admin/
[Info ] 2020/08/12/15:01:53 : path:home/admin/test
[Info ] 2020/08/12/15:05:13 : path:
[Info ] 2020/08/12/15:05:14 : path:home/
[Info ] 2020/08/12/15:05:15 : path:home/admin/
[Info ] 2020/08/12/15:05:15 : path:home/admin/test/
[Info ] 2020/08/12/15:05:16 : path:home/admin/test/docker-help.png
[Info ] 2020/08/12/15:05:22 : path:home/
[Info ] 2020/08/12/15:05:23 : path:home/admin/
[Info ] 2020/08/12/15:05:24 : path:home/admin/test/
[Info ] 2020/08/12/15:07:06 : path:
[Info ] 2020/08/12/15:07:07 : path:home/
[Info ] 2020/08/12/15:07:08 : path:home/admin/
[Info ] 2020/08/12/15:07:09 : path:home/admin/readme.md
[Info ] 2020/08/12/15:07:12 : path:
[Info ] 2020/08/12/15:07:13 : path:home/
[Info ] 2020/08/12/15:07:14 : path:home/admin/
[Info ] 2020/08/12/15:07:15 : path:home/admin/.DS_Store
[Info ] 2020/08/12/15:07:16 : path:
[Info ] 2020/08/12/15:07:17 : path:.DS_Store
[Info ] 2020/08/12/15:07:18 : path:
[Info ] 2020/08/12/15:07:19 : path:
[Info ] 2020/08/12/15:07:20 : path:
[Info ] 2020/08/12/15:07:20 : path:
[Info ] 2020/08/12/15:07:20 : path:
[Info ] 2020/08/12/15:07:20 : path:
[Info ] 2020/08/12/15:07:20 : path:
[Info ] 2020/08/12/15:07:21 : path:
[Info ] 2020/08/12/15:07:21 : path:
[Info ] 2020/08/12/15:07:25 : path:
[Info ] 2020/08/12/15:07:46 : path:home/
[Info ] 2020/08/12/15:07:47 : path:home/.DS_Store
[Info ] 2020/08/12/15:08:08 : path:
[Info ] 2020/08/12/15:08:11 : path:
[Info ] 2020/08/12/15:08:13 : path:
[Info ] 2020/08/12/15:08:18 : path:
[Info ] 2020/08/12/15:08:21 : path:
[Info ] 2020/08/12/15:08:59 : path:
[Info ] 2020/08/12/15:10:42 : path:
[Info ] 2020/08/12/15:12:59 : path:
[Info ] 2020/08/12/15:13:07 : path:home/
[Info ] 2020/08/12/15:13:08 : path:home/admin/
[Info ] 2020/08/12/15:13:34 : path:home/admin/readme.md
[Info ] 2020/08/12/15:13:34 : path:
[Info ] 2020/08/12/15:15:34 : path:
[Info ] 2020/08/12/15:15:42 : path:home/
[Info ] 2020/08/12/15:15:43 : path:home/admin/
[Info ] 2020/08/12/15:15:44 : path:
[Info ] 2020/08/12/15:15:48 : path:home/
[Info ] 2020/08/12/15:15:48 : path:home/admin/
[Info ] 2020/08/12/15:15:58 : path:
[Info ] 2020/08/12/15:16:30 : path:home/
[Info ] 2020/08/12/15:16:31 : path:home/admin/
[Info ] 2020/08/12/15:16:32 : path:
[Info ] 2020/08/12/15:16:33 : path:home/
[Info ] 2020/08/12/15:16:34 : path:home/admin/
[Info ] 2020/08/12/15:16:36 : path:
[Info ] 2020/08/12/15:16:36 : path:home/
[Info ] 2020/08/12/15:16:37 : path:home/admin/
[Info ] 2020/08/12/15:16:39 : path:
[Info ] 2020/08/12/15:16:41 : path:home/
[Info ] 2020/08/12/15:16:42 : path:home/admin/
[Info ] 2020/08/12/15:16:43 : path:
[Info ] 2020/08/12/15:16:44 : path:home/
[Info ] 2020/08/12/15:16:44 : path:home/admin/
[Info ] 2020/08/12/15:16:45 : path:
[Info ] 2020/08/12/15:16:45 : path:home/
[Info ] 2020/08/12/15:16:46 : path:home/admin/
[Info ] 2020/08/12/15:16:46 : path:
[Info ] 2020/08/12/15:16:47 : path:home/
[Info ] 2020/08/12/15:16:47 : path:home/admin/
[Info ] 2020/08/12/15:16:47 : path:
[Info ] 2020/08/12/15:16:48 : path:home/
[Info ] 2020/08/12/15:16:48 : path:home/admin/
[Info ] 2020/08/12/15:16:48 : path:
[Info ] 2020/08/12/16:13:03 : url:/folder/,path:
[Info ] 2020/08/12/16:13:33 : url:/folder/,path:
[Info ] 2020/08/12/16:13:38 : url:/folder/home/,path:home/
[Info ] 2020/08/12/16:13:39 : url:/folder/home/admin/,path:home/admin/
[Info ] 2020/08/12/16:13:42 : url:/folder/home/admin/test/,path:home/admin/test/
[Info ] 2020/08/12/16:13:53 : url:/folder/home/admin/test/iShot2020-07-30%E4%B8%8B%E5%8D%8807.04.28.mp4,path:home/admin/test/iShot2020-07-30%E4%B8%8B%E5%8D%8807.04.28.mp4
[Info ] 2020/08/12/16:14:18 : url:/folder/home/,path:home/
[Info ] 2020/08/12/16:14:19 : url:/folder/home/admin/,path:home/admin/
[Info ] 2020/08/12/16:14:20 : url:/folder/home/admin/test/,path:home/admin/test/
[Info ] 2020/08/12/16:14:25 : url:/folder/home/admin/test/readme.md,path:home/admin/test/readme.md
[Info ] 2020/08/12/16:14:30 : url:/folder/home/,path:home/
[Info ] 2020/08/12/16:14:31 : url:/folder/home/admin/,path:home/admin/
[Info ] 2020/08/12/16:14:32 : url:/folder/home/admin/test/,path:home/admin/test/
[Info ] 2020/08/12/16:14:38 : url:/folder/home/admin/test/docker-help.png,path:home/admin/test/docker-help.png
[Info ] 2020/08/12/16:20:23 : url:/folder/home/,path:home/
[Info ] 2020/08/12/16:20:23 : url:/folder/home/admin/,path:home/admin/
[Info ] 2020/08/12/16:20:25 : url:/folder/home/admin/test/,path:home/admin/test/
[Info ] 2020/08/12/16:28:45 : url:/folder/home/admin/test/iShot2020-07-17%E4%B8%8B%E5%8D%8810.02.36.png,path:home/admin/test/iShot2020-07-17%E4%B8%8B%E5%8D%8810.02.36.png
[Info ] 2020/08/12/16:30:17 : url:/folder/home/admin/test/iShot2020-07-17%E4%B8%8B%E5%8D%8810.02.36.png,path:home%2Fadmin%2Ftest%2FiShot2020-07-17%25E4%25B8%258B%25E5%258D%258810.02.36.png
[Info ] 2020/08/12/16:30:17 : url:/folder/home/admin/test/iShot2020-07-17%E4%B8%8B%E5%8D%8810.02.36.png,path:home%2Fadmin%2Ftest%2FiShot2020-07-17%25E4%25B8%258B%25E5%258D%258810.02.36.png
[Info ] 2020/08/12/16:31:26 : /folder/home/admin/test/iShot2020-07-17%!E(string=home/admin/test/iShot2020-07-17%E4%B8%8B%E5%8D%8810.02.36.png)4%!B(MISSING)8%!B(MISSING)%!E(MISSING)5%!D(MISSING)%!.(MISSING)36.png
[Info ] 2020/08/12/16:31:27 : /folder/home/admin/test/iShot2020-07-17%!E(string=home/admin/test/iShot2020-07-17%E4%B8%8B%E5%8D%8810.02.36.png)4%!B(MISSING)8%!B(MISSING)%!E(MISSING)5%!D(MISSING)%!.(MISSING)36.png
[Info ] 2020/08/12/16:31:27 : /folder/home/admin/test/iShot2020-07-17%!E(string=home/admin/test/iShot2020-07-17%E4%B8%8B%E5%8D%8810.02.36.png)4%!B(MISSING)8%!B(MISSING)%!E(MISSING)5%!D(MISSING)%!.(MISSING)36.png
[Info ] 2020/08/12/16:31:28 : /folder/home/admin/test/iShot2020-07-17%!E(string=home/admin/test/iShot2020-07-17%E4%B8%8B%E5%8D%8810.02.36.png)4%!B(MISSING)8%!B(MISSING)%!E(MISSING)5%!D(MISSING)%!.(MISSING)36.png
[Info ] 2020/08/12/16:31:29 : /folder/home/admin/test/iShot2020-07-17%!E(string=home/admin/test/iShot2020-07-17%E4%B8%8B%E5%8D%8810.02.36.png)4%!B(MISSING)8%!B(MISSING)%!E(MISSING)5%!D(MISSING)%!.(MISSING)36.png
[Info ] 2020/08/12/16:31:30 : /folder/home/admin/test/iShot2020-07-17%!E(string=home/admin/test/iShot2020-07-17%E4%B8%8B%E5%8D%8810.02.36.png)4%!B(MISSING)8%!B(MISSING)%!E(MISSING)5%!D(MISSING)%!.(MISSING)36.png
[Info ] 2020/08/12/16:31:30 : /folder/home/admin/test/iShot2020-07-17%!E(string=home/admin/test/iShot2020-07-17%E4%B8%8B%E5%8D%8810.02.36.png)4%!B(MISSING)8%!B(MISSING)%!E(MISSING)5%!D(MISSING)%!.(MISSING)36.png
[Info ] 2020/08/12/16:31:31 : /folder/home/admin/test/iShot2020-07-17%!E(string=home/admin/test/iShot2020-07-17%E4%B8%8B%E5%8D%8810.02.36.png)4%!B(MISSING)8%!B(MISSING)%!E(MISSING)5%!D(MISSING)%!.(MISSING)36.png
[Info ] 2020/08/12/16:31:31 : /folder/home/admin/test/iShot2020-07-17%!E(string=home/admin/test/iShot2020-07-17%E4%B8%8B%E5%8D%8810.02.36.png)4%!B(MISSING)8%!B(MISSING)%!E(MISSING)5%!D(MISSING)%!.(MISSING)36.png
[Info ] 2020/08/12/16:31:32 : /folder/home/admin/test/iShot2020-07-17%!E(string=home/admin/test/iShot2020-07-17%E4%B8%8B%E5%8D%8810.02.36.png)4%!B(MISSING)8%!B(MISSING)%!E(MISSING)5%!D(MISSING)%!.(MISSING)36.png
[Info ] 2020/08/12/16:31:32 : /folder/home/admin/test/iShot2020-07-17%!E(string=home/admin/test/iShot2020-07-17%E4%B8%8B%E5%8D%8810.02.36.png)4%!B(MISSING)8%!B(MISSING)%!E(MISSING)5%!D(MISSING)%!.(MISSING)36.png
[Info ] 2020/08/12/16:40:10 : /folder/home/admin/test/iShot2020-07-17%!E(string=home/admin/test/iShot2020-07-17%E4%B8%8B%E5%8D%8810.02.36.png)4%!B(MISSING)8%!B(MISSING)%!E(MISSING)5%!D(MISSING)%!.(MISSING)36.png
[Info ] 2020/08/12/16:41:02 : home/admin/test/iShot2020-07-17%!E(MISSING)4%!B(MISSING)8%!B(MISSING)%!E(MISSING)5%!D(MISSING)%!.(MISSING)36.png
[Info ] 2020/08/13/19:25:50 : 200 upload iShot2020-07-23下午06.09.05.png
[Info ] 2020/08/13/19:26:50 : 200 upload home/iShot2020-07-21下午07.03.50.png
[Error] 2020/08/13/22:44:01 : 500 upload  乌兰托娅-火红的萨日朗.mp3 failed:open ./files/home/乌兰托娅-火红的萨日朗.mp3: no such file or directory
[Info ] 2020/08/13/22:46:46 : 200 upload /乌兰托娅-火红的萨日朗.mp3
[Info ] 2020/08/13/22:47:38 : 200 upload /徐薇 - 好想好想（翻自 古巨基）.flac
[Info ] 2020/08/13/22:48:57 : 200 upload /一鸣吉他手 - 名侦探柯南（Cover 大野克夫）.mp3
[Info ] 2020/08/13/22:49:25 : 200 upload /1.jpg
[Info ] 2020/08/13/22:49:25 : 200 upload /3.jpg
[Info ] 2020/08/13/22:49:25 : 200 upload /2.jpg
[Info ] 2020/08/13/22:52:45 : 200 upload /【燃到断毛的小提琴】某科学的超电磁炮OP 《Only my railgun》【石川绫子】.flv
[Info ] 2020/08/13/22:52:59 : 200 upload /大表姐详解美国政治：民意对国策 到底有几分影响？.flv
[Info ] 2020/08/13/22:56:19 : 200 upload /活动作品疫情后的新世界，我们需要了解的五大趋势.flv
[Info ] 2020/08/13/22:58:48 : 200 upload /【Animenz】aLIEz - Aldnoah.zero ED 2 钢琴版.flv
[Info ] 2020/08/13/23:04:46 : 200 upload /BlockSys' 2020 Submission 48.pdf
[Info ] 2020/08/13/23:06:35 : 200 upload /【Animenz】aLIEz - Aldnoah.zero ED 2 钢琴版.flv
[Info ] 2020/08/13/23:06:42 : 200 upload /【Animenz】aLIEz - Aldnoah.zero ED 2 钢琴版.flv
[Info ] 2020/08/13/23:07:07 : 200 upload /【Animenz】aLIEz - Aldnoah.zero ED 2 钢琴版.flv
[Info ] 2020/08/13/23:07:15 : 200 upload /【Animenz】aLIEz - Aldnoah.zero ED 2 钢琴版.flv
[Info ] 2020/08/13/23:08:06 : 200 upload /【Animenz】aLIEz - Aldnoah.zero ED 2 钢琴版.flv
[Info ] 2020/08/13/23:09:21 : 200 upload /【Animenz】aLIEz - Aldnoah.zero ED 2 钢琴版.flv
[Info ] 2020/08/13/23:11:15 : 200 upload /【Animenz】aLIEz - Aldnoah.zero ED 2 钢琴版.flv
[Info ] 2020/08/13/23:11:21 : 200 upload /大表姐详解美国政治：民意对国策 到底有几分影响？.flv
[Info ] 2020/08/13/23:11:25 : 200 upload /大黒摩季 (大黑摩季) - あなただけ見つめてる（只凝视着你 灌篮高手）～熱くなれ～夏が来る～ら・ら・ら  （MUSIC STATION 1997.08.01）.flv
[Info ] 2020/08/13/23:11:33 : 200 upload /活动作品疫情后的新世界，我们需要了解的五大趋势.flv
[Info ] 2020/08/13/23:20:39 : 200 upload /Consent to Publish form.pdf
[Info ] 2020/08/13/23:21:34 : 200 upload /3.jpg
[Info ] 2020/08/13/23:22:15 : 200 upload /3.jpg
[Info ] 2020/08/13/23:22:49 : 200 upload /l4pqgt3mrd0bezi8fjuo2wn6hav57s.mp4.crdownload
[Info ] 2020/08/13/23:22:55 : 200 upload /l4pqgt3mrd0bezi8fjuo2wn6hav57s.mp4.crdownload
[Info ] 2020/08/13/23:24:34 : 200 upload /FydeOS_PC_v9.2-stable.img.xz
[Info ] 2020/08/13/23:27:31 : 200 upload /BlockSys2020_48_Han Liu.zip
[Info ] 2020/08/13/23:27:49 : 200 upload /l4pqgt3mrd0bezi8fjuo2wn6hav57s.mp4.crdownload
[Info ] 2020/08/13/23:58:49 : 200 upload /error2.jpg
[Error] 2020/08/13/23:59:23 : 500 upload  3.jpg failed:open ./files/error/3.jpg: no such file or directory
[Error] 2020/08/14/00:00:34 : 500 upload  3.jpg failed:open ./files/error/3.jpg: no such file or directory
[Error] 2020/08/14/00:00:49 : 500 upload  3.jpg failed:open ./files/error/3.jpg: no such file or directory
[Error] 2020/08/14/00:01:36 : 500 upload  3.jpg failed:open ./files/error/3.jpg: no such file or directory
[Error] 2020/08/14/00:01:50 : 500 upload  3.jpg failed:open ./files/error/3.jpg: no such file or directory
[Error] 2020/08/14/00:02:08 : 500 upload  3.jpg failed:open ./files/error/3.jpg: no such file or directory
[Error] 2020/08/14/00:03:37 : 500 upload  2.jpg failed:open ./files/error/2.jpg: no such file or directory
[Error] 2020/08/14/00:05:32 : 500 upload  3.jpg failed:open ./files/error/3.jpg: no such file or directory
[Error] 2020/08/14/00:05:58 : 500 upload  3.jpg failed:open ./files/error/3.jpg: no such file or directory
[Error] 2020/08/14/00:07:06 : 500 upload  3.jpg failed:open ./files/error/3.jpg: no such file or directory
[Error] 2020/08/14/00:07:48 : 500 upload  3.jpg failed:open ./files/error/3.jpg: no such file or directory
[Error] 2020/08/14/00:08:13 : 500 upload  3.jpg failed:open ./files/error/3.jpg: no such file or directory
[Error] 2020/08/14/00:08:40 : 500 upload  3.jpg failed:open ./files/error/3.jpg: no such file or directory
[Error] 2020/08/14/00:08:57 : 500 upload  3.jpg failed:open ./files/error/3.jpg: no such file or directory
[Error] 2020/08/14/00:09:49 : 500 upload  2.jpg failed:open ./files/error/2.jpg: no such file or directory
[Error] 2020/08/14/00:10:08 : 500 upload  3.jpg failed:open ./files/error/3.jpg: no such file or directory
[Error] 2020/08/14/00:10:28 : 500 upload  2.jpg failed:open ./files/error/2.jpg: no such file or directory
[Error] 2020/08/14/00:11:07 : 500 upload  2.jpg failed:open ./files/error/2.jpg: no such file or directory
[Error] 2020/08/14/00:11:46 : 500 upload  3.jpg failed:open ./files/error/3.jpg: no such file or directory
[Error] 2020/08/14/00:12:42 : 500 upload  3.jpg failed:open ./files/error/3.jpg: no such file or directory
[Error] 2020/08/14/00:13:11 : 500 upload  3.jpg failed:open ./files/error/3.jpg: no such file or directory
[Error] 2020/08/14/00:14:17 : 500 upload  3.jpg failed:open ./files/error/3.jpg: no such file or directory
[Error] 2020/08/14/00:14:58 : 500 upload  2.jpg failed:open ./files/error/2.jpg: no such file or directory
[Error] 2020/08/14/00:16:00 : 500 upload  3.jpg failed:open ./files/error/3.jpg: no such file or directory
[Error] 2020/08/14/00:16:08 : 500 upload  3.jpg failed:open ./files/error/3.jpg: no such file or directory
[Error] 2020/08/14/00:16:08 : 500 upload  1.jpg failed:open ./files/error/1.jpg: no such file or directory
[Error] 2020/08/14/00:16:09 : 500 upload  2.jpg failed:open ./files/error/2.jpg: no such file or directory
[Error] 2020/08/14/00:16:27 : 500 upload  3.jpg failed:open ./files/error/3.jpg: no such file or directory
[Error] 2020/08/14/00:18:27 : 500 upload  2.jpg failed:open ./files/error/2.jpg: no such file or directory
[Error] 2020/08/14/00:18:45 : 500 upload  2.jpg failed:open ./files/error/2.jpg: no such file or directory
[Error] 2020/08/14/00:19:15 : 500 upload  3.jpg failed:open ./files/error/3.jpg: no such file or directory
[Error] 2020/08/14/00:20:13 : 500 upload  2.jpg failed:open ./files/error/2.jpg: no such file or directory
[Error] 2020/08/14/00:21:07 : 500 upload  3.jpg failed:open ./files/error/3.jpg: no such file or directory
[Error] 2020/08/14/00:23:35 : 500 upload  2.jpg failed:open ./files/error/2.jpg: no such file or directory
[Error] 2020/08/14/00:24:10 : 500 upload  3.jpg failed:open ./files/error/3.jpg: no such file or directory
[Error] 2020/08/14/00:24:28 : 500 upload  2.jpg failed:open ./files/error/2.jpg: no such file or directory
[Error] 2020/08/14/00:25:39 : 500 upload  2.jpg failed:open ./files/error/2.jpg: no such file or directory
[Error] 2020/08/14/00:25:56 : 500 upload  1.jpg failed:open ./files/error/1.jpg: no such file or directory
[Error] 2020/08/14/00:26:06 : 500 upload  1.jpg failed:open ./files/error/1.jpg: no such file or directory
[Error] 2020/08/14/00:26:06 : 500 upload  3.jpg failed:open ./files/error/3.jpg: no such file or directory
[Error] 2020/08/14/00:26:06 : 500 upload  2.jpg failed:open ./files/error/2.jpg: no such file or directory
[Error] 2020/08/14/00:26:32 : 500 upload  1.jpg failed:open ./files/error/1.jpg: no such file or directory
[Error] 2020/08/14/00:26:32 : 500 upload  3.jpg failed:open ./files/error/3.jpg: no such file or directory
[Error] 2020/08/14/00:26:32 : 500 upload  2.jpg failed:open ./files/error/2.jpg: no such file or directory
[Info ] 2020/08/14/00:28:17 : 200 upload /jdk-8u201-macosx-x64 .dmg
[Info ] 2020/08/14/00:28:24 : 200 upload /jdk-8u201-macosx-x64 .dmg
[Info ] 2020/08/14/00:28:45 : 200 upload /ACCCx5_0_0_354.dmg
[Info ] 2020/08/14/00:30:05 : 200 upload /1.jpg
[Info ] 2020/08/14/00:30:06 : 200 upload /3.jpg
[Info ] 2020/08/14/00:30:06 : 200 upload /2.jpg
[Info ] 2020/08/14/00:31:41 : 200 upload /1.jpg
[Info ] 2020/08/14/00:31:42 : 200 upload /3.jpg
[Info ] 2020/08/14/00:31:42 : 200 upload /2.jpg
[Info ] 2020/08/14/00:32:01 : 200 upload /Invoice # APC600085541.pdf
[Info ] 2020/08/14/00:32:13 : 200 upload /1139757-20180510095647741-761537681.png
[Info ] 2020/08/14/00:32:17 : 200 upload /2019年最终获奖名单_E题.xls
[Info ] 2020/08/14/00:59:08 : 200 upload 2019年最终获奖名单_E题.xls
[Info ] 2020/08/14/00:59:20 : 200 upload Invoice # APC600085541.pdf
[Info ] 2020/08/14/01:06:37 : 200 upload Filmora.txt
[Info ] 2020/08/14/01:07:08 : 200 upload builder-effective-config.yaml
[Info ] 2020/08/14/01:10:42 : 200 upload builder-effective-config.yaml
[Info ] 2020/08/14/01:19:21 : 200 upload builder-effective-config.yaml
[Info ] 2020/08/14/01:19:29 : 200 upload IMG_3744.PNG
[Info ] 2020/08/14/01:20:17 : 200 upload builder-effective-config.yaml
[Info ] 2020/08/14/01:20:42 : 200 upload Teambition-latest-darwin.dmg
[Info ] 2020/08/14/01:24:05 : 200 upload 3.jpg
[Info ] 2020/08/14/01:24:08 : 200 upload 2.jpg
[Info ] 2020/08/14/01:25:51 : 200 upload 1.jpg
[Info ] 2020/08/14/01:25:56 : 200 upload bg-fendou.jpg
[Info ] 2020/08/14/01:26:00 : 200 upload ChMkJldOnemIb7ISAAdhlddvW_QAASJQAH0BNoAB2Gt478.jpg
[Info ] 2020/08/14/01:26:04 : 200 upload NLNorway_EN-AU4158829752_1920x1080.jpg
[Info ] 2020/08/14/01:26:25 : 200 upload ChMkJldOnemIb7ISAAdhlddvW_QAASJQAH0BNoAB2Gt478.jpg
[Info ] 2020/08/14/01:26:33 : 200 upload 机柜查询API定义.docx
[Info ] 2020/08/14/01:26:37 : 200 upload 数据库_总.docx
[Info ] 2020/08/14/01:29:01 : 200 upload 数据库_总.docx
[Info ] 2020/08/14/01:29:06 : 200 upload 机柜查询API定义.docx
[Info ] 2020/08/14/01:29:18 : 200 upload 工时记录_刘罕.xlsx
[Info ] 2020/08/14/01:50:03 : 200 upload CrocusSativus_ZH-CN3143423131_1920x1080.jpg
[Info ] 2020/08/14/01:50:19 : 200 upload NLNorway_EN-AU4158829752_1920x1080.jpg
[Info ] 2020/08/14/01:50:28 : 200 upload ChMkJldOnemIb7ISAAdhlddvW_QAASJQAH0BNoAB2Gt478.jpg
[Info ] 2020/08/14/01:50:48 : 200 upload 2019年最终获奖名单_E题.xls
[Info ] 2020/08/14/01:50:57 : 200 upload annie_0.9.6_macOS_64-bit.tar.gz
[Info ] 2020/08/14/01:51:02 : 200 upload chromedriver_mac64.zip
[Info ] 2020/08/14/01:52:01 : 200 upload AdobeZii_jb51.rar
[Info ] 2020/08/14/01:55:20 : 200 upload AdobeZii_jb51.rar
[Info ] 2020/08/14/01:55:50 : 200 upload VirtualBox-6.1.12-139181-OSX.dmg
[Info ] 2020/08/14/01:56:10 : 200 upload 一鸣吉他手 - 名侦探柯南（Cover 大野克夫）.mp3
[Info ] 2020/08/14/02:01:06 : 200 upload 一鸣吉他手 - 直到世界尽头（Cover WAND）.mp3
[Info ] 2020/08/14/02:08:29 : 200 upload WANDS - 世界が終るまでは…~TV Version~.mp3
[Info ] 2020/08/14/02:09:51 : 200 upload 14SS 서울패션위크 문영희.mp4
[Info ] 2020/08/14/02:11:26 : 200 upload 229446927_4-1578956490-c9279d79-334c-16f1.mp4
[Info ] 2020/08/14/02:11:53 : 200 upload 190131 Girl crush 보미BOMI.mp4
[Info ] 2020/08/14/02:16:04 : 200 folder 
[Info ] 2020/08/14/02:17:07 : 200 folder 
[Info ] 2020/08/14/02:17:09 : 200 file WANDS - 世界が終るまでは…~TV Version~.mp3
[Info ] 2020/08/14/02:17:29 : 200 video 14SS 서울패션위크 문영희.mp4
[Info ] 2020/08/14/02:17:30 : 200 file 14SS 서울패션위크 문영희.mp4
[Info ] 2020/08/14/02:17:39 : 200 file 190131 Girl crush 보미BOMI.mp4
[Info ] 2020/08/14/02:18:05 : 200 upload 一鸣吉他手 - 直到世界尽头（Cover WAND）.mp3
[Info ] 2020/08/14/02:18:05 : 200 folder 
[Info ] 2020/08/14/02:18:09 : 200 upload 徐薇 - 好想好想（翻自 古巨基）.flac
[Info ] 2020/08/14/02:18:10 : 200 folder 
[Info ] 2020/08/14/02:18:13 : 200 upload 森川美穂 - ブルーウォーター.mp3
[Info ] 2020/08/14/02:18:13 : 200 folder 
[Info ] 2020/08/14/02:18:20 : 200 file 徐薇 - 好想好想（翻自 古巨基）.flac
[Info ] 2020/08/14/02:19:06 : 200 folder     
[Info ] 2020/08/14/02:19:15 : 200 file       森川美穂 - ブルーウォーター.mp3
[Info ] 2020/08/14/02:19:27 : 200 file       ChMkJldOnemIb7ISAAdhlddvW_QAASJQAH0BNoAB2Gt478.jpg
[Info ] 2020/08/14/02:19:33 : 200 video      14SS 서울패션위크 문영희.mp4
[Info ] 2020/08/14/02:19:47 : 200 file       14SS 서울패션위크 문영희.mp4
[Info ] 2020/08/14/02:19:56 : 200 file       14SS 서울패션위크 문영희.mp4
[Info ] 2020/08/14/02:20:15 : 200 file       190131 Girl crush 보미BOMI.mp4
